<?xml version="1.0" encoding="UTF-8"?>
<!-- Generated by org.testng.reporters.JUnitXMLReporter -->
<testsuite hostname="Manivelrajan-PC" name="Testcase3" tests="1" failures="1" timestamp="17 Mar 2016 11:19:54 GMT" time="0.025" errors="0">
  <testcase name="main" time="0.023" classname="TestScripts.jibe_crw_Add">
    <failure type="java.lang.IllegalStateException" message="Cannot get a text value from a numeric cell">
      <![CDATA[java.lang.IllegalStateException: Cannot get a text value from a numeric cell
	at org.apache.poi.xssf.usermodel.XSSFCell.typeMismatch(XSSFCell.java:991)
	at org.apache.poi.xssf.usermodel.XSSFCell.getRichStringCellValue(XSSFCell.java:399)
	at org.apache.poi.xssf.usermodel.XSSFCell.getStringCellValue(XSSFCell.java:351)
	at TestScripts.xl_read.readExcel(xl_read.java:43)
	at TestScripts.jibe_crw_Add.main(jibe_crw_Add.java:14)
... Removed 24 stack frames]]>
    </failure>
  </testcase> <!-- main -->
</testsuite> <!-- Testcase3 -->
