<?xml version="1.0" encoding="UTF-8"?>
<!-- Generated by org.testng.reporters.JUnitXMLReporter -->
<testsuite hostname="Manivelrajan-PC" name="Menu Testing" tests="1" failures="1" timestamp="11 May 2017 09:47:18 GMT" time="5.418" errors="0">
  <testcase name="main" time="4.588" classname="TestScripts.jibe_menu_testing">
    <failure type="java.lang.AssertionError">
      <![CDATA[java.lang.AssertionError
	at org.junit.Assert.fail(Assert.java:86)
	at org.junit.Assert.fail(Assert.java:95)
	at TestScripts.jibe_menu_testing.main(jibe_menu_testing.java:52)
... Removed 24 stack frames]]>
    </failure>
  </testcase> <!-- main -->
</testsuite> <!-- Menu Testing -->
